573115816817:ENCOLADO ans_d82e3fd4-6156-4714-83e9-00e2a2017391
EJECUTANDO:ans_d82e3fd4-6156-4714-83e9-00e2a2017391
573115816817:SUCCESS
573115816817:ENCOLADO ans_27098d82-1ec4-4e50-ba9b-7560ad8002b3
EJECUTANDO:ans_27098d82-1ec4-4e50-ba9b-7560ad8002b3
573115816817:SUCCESS
573115816817:ENCOLADO ans_0f90cf5a-5496-40c8-abaf-c195cd2b9e40
EJECUTANDO:ans_0f90cf5a-5496-40c8-abaf-c195cd2b9e40
573115816817:SUCCESS
573115816817:ENCOLADO ans_d82e3fd4-6156-4714-83e9-00e2a2017391
EJECUTANDO:ans_d82e3fd4-6156-4714-83e9-00e2a2017391
573115816817:SUCCESS
573115816817:ENCOLADO ans_27098d82-1ec4-4e50-ba9b-7560ad8002b3
EJECUTANDO:ans_27098d82-1ec4-4e50-ba9b-7560ad8002b3
573115816817:SUCCESS
573115816817:ENCOLADO ans_fc524f74-eb89-4b6b-93a7-4524bc963861
EJECUTANDO:ans_fc524f74-eb89-4b6b-93a7-4524bc963861
573115816817:SUCCESS
573115816817:ENCOLADO ans_d82e3fd4-6156-4714-83e9-00e2a2017391
EJECUTANDO:ans_d82e3fd4-6156-4714-83e9-00e2a2017391
573115816817:SUCCESS
573115816817:ENCOLADO ans_27098d82-1ec4-4e50-ba9b-7560ad8002b3
EJECUTANDO:ans_27098d82-1ec4-4e50-ba9b-7560ad8002b3
573115816817:SUCCESS
573008473601:ENCOLADO ans_d82e3fd4-6156-4714-83e9-00e2a2017391
EJECUTANDO:ans_d82e3fd4-6156-4714-83e9-00e2a2017391
573008473601:SUCCESS
573008473601:ENCOLADO ans_27098d82-1ec4-4e50-ba9b-7560ad8002b3
EJECUTANDO:ans_27098d82-1ec4-4e50-ba9b-7560ad8002b3
573008473601:SUCCESS
573113190037:ENCOLADO ans_d82e3fd4-6156-4714-83e9-00e2a2017391
EJECUTANDO:ans_d82e3fd4-6156-4714-83e9-00e2a2017391
573113190037:SUCCESS
573113190037:ENCOLADO ans_27098d82-1ec4-4e50-ba9b-7560ad8002b3
EJECUTANDO:ans_27098d82-1ec4-4e50-ba9b-7560ad8002b3
573113190037:SUCCESS
